2023-02-25 00:10:29 - INFO -  Pywisher class is initailised. Datetime 2023-02-25 00:10:29.764512
2023-02-25 00:10:29 - INFO -  GetAttachMentService class is initialised.
2023-02-25 00:10:29 - INFO -  SendEmailService class is initialised.
2023-02-25 00:10:29 - INFO -  Triggering the whole process.
2023-02-25 00:10:30 - INFO -  Connection successful, searching email in inbox.
2023-02-25 00:10:31 - INFO -  Email fetched successfully.
2023-02-25 00:10:31 - INFO -  Converting bytes data to normal string.
2023-02-25 00:10:31 - INFO -  Converting byte to string.
2023-02-25 00:10:31 - INFO -  Extracted content of the file successfully.
2023-02-25 00:10:31 - INFO -  Creating pandas dataframe using the file content recieved.
2023-02-25 00:10:31 - INFO -  Iterating the data.
2023-02-25 00:10:31 - INFO -  Whole process completed successfully.
2023-02-26 00:08:32 - INFO -  Pywisher class is initailised. Datetime 2023-02-26 00:08:32.236019
2023-02-26 00:08:32 - INFO -  GetAttachMentService class is initialised.
2023-02-26 00:08:32 - INFO -  SendEmailService class is initialised.
2023-02-26 00:08:32 - INFO -  Triggering the whole process.
2023-02-26 00:08:33 - INFO -  Connection successful, searching email in inbox.
2023-02-26 00:08:33 - INFO -  Email fetched successfully.
2023-02-26 00:08:33 - INFO -  Converting bytes data to normal string.
2023-02-26 00:08:33 - INFO -  Converting byte to string.
2023-02-26 00:08:33 - INFO -  Extracted content of the file successfully.
2023-02-26 00:08:33 - INFO -  Creating pandas dataframe using the file content recieved.
2023-02-26 00:08:33 - INFO -  Iterating the data.
2023-02-26 00:08:33 - INFO -  Whole process completed successfully.
